<?xml version="1.0" encoding="UTF-8"?>
<testng-results ignored="0" total="1" passed="1" failed="0" skipped="0">
  <reporter-output>
  </reporter-output>
  <suite started-at="2024-04-02T12:47:34 IST" name="Default suite" finished-at="2024-04-02T12:47:34 IST" duration-ms="300">
    <groups>
    </groups>
    <test started-at="2024-04-02T12:47:34 IST" name="Default test" finished-at="2024-04-02T12:47:34 IST" duration-ms="300">
      <class name="com.vTiger.utility.DateUtility">
        <test-method signature="testCase()[pri:0, instance:com.vTiger.utility.DateUtility@5f049ea1]" started-at="2024-04-02T12:47:34 IST" name="testCase" finished-at="2024-04-02T12:47:34 IST" duration-ms="197" status="PASS">
          <reporter-output>
          </reporter-output>
        </test-method> <!-- testCase -->
      </class> <!-- com.vTiger.utility.DateUtility -->
    </test> <!-- Default test -->
  </suite> <!-- Default suite -->
</testng-results>
