<?xml version="1.0" encoding="UTF-8"?>
<!-- Generated by org.testng.reporters.JUnitXMLReporter -->
<testsuite ignored="0" hostname="DESKTOP-CO7MEAO" failures="1" tests="1" name="Test" time="7.518" errors="0" timestamp="2024-04-02T22:04:51 IST">
  <testcase classname="io.cucumber.testng.AbstractTestNGCucumberTests" name="runScenario" time="1.263">
    <failure type="java.lang.ClassCastException" message="class runner.TestRunner cannot be cast to class utilities.SeleniumUtility (runner.TestRunner and utilities.SeleniumUtility are in unnamed module of loader &amp;apos;app&amp;apos;)">
      <![CDATA[java.lang.ClassCastException: class runner.TestRunner cannot be cast to class utilities.SeleniumUtility (runner.TestRunner and utilities.SeleniumUtility are in unnamed module of loader 'app')
at utilities.Retry.extendReportsFailOperations(Retry.java:32)
at utilities.Retry.retry(Retry.java:21)
at java.base/java.util.ArrayList.forEach(ArrayList.java:1511)
... Removed 23 stack frames]]>
    </failure>
  </testcase> <!-- runScenario -->
</testsuite> <!-- Test -->
